<?xml version="1.0" encoding="UTF-8"?>
<testsuite xmlns:xsi="http://www.w3.org/2001/XMLSchema-instance" xsi:noNamespaceSchemaLocation="https://maven.apache.org/surefire/maven-surefire-plugin/xsd/surefire-test-report.xsd" name="examples.ExamplesTest" time="4.448" tests="1" errors="0" skipped="0" failures="1">
  <properties>
[...]
</properties>
  <testcase name="testParallel" classname="examples.ExamplesTest" time="4.441">
    <failure message="&gt;&gt;&gt;&gt; js failed:&#10;01: size(response.co2_insights[0])&#10;&lt;&lt;&lt;&lt;&#10;org.graalvm.polyglot.PolyglotException: TypeError: invokeMember (size) on {&quot;raw_content&quot;:&quot;string&quot;,&quot;description_url&quot;:&quot;string&quot;,&quot;description&quot;:&quot;Did you know, red meat has and 4x times higher impact than white meat? ...&quot;,&quot;language&quot;:&quot;GB&quot;,&quot;source&quot;:&quot;https:\/\/registry.euosr.com\/insights\/xyz&quot;,&quot;insight_id&quot;:&quot;string&quot;} failed due to: Unknown identifier: size&#10;- &lt;js&gt;.:anonymous(Unnamed:1)&#10;&#10;classpath:examples/users/transaction.feature:24 ==&gt; expected: &lt;0&gt; but was: &lt;1&gt;" type="org.opentest4j.AssertionFailedError"><![CDATA[org.opentest4j.AssertionFailedError: 
>>>> js failed:
01: size(response.co2_insights[0])
<<<<
org.graalvm.polyglot.PolyglotException: TypeError: invokeMember (size) on {"raw_content":"string","description_url":"string","description":"Did you know, red meat has and 4x times higher impact than white meat? ...","language":"GB","source":"https:\/\/registry.euosr.com\/insights\/xyz","insight_id":"string"} failed due to: Unknown identifier: size
- <js>.:anonymous(Unnamed:1)

classpath:examples/users/transaction.feature:24 ==> expected: <0> but was: <1>
	at examples.ExamplesTest.testParallel(ExamplesTest.java:16)
]]></failure>
    <system-out><![CDATA[18:37:48.517 [main] DEBUG com.intuit.karate.Suite - [config] classpath:karate-config.js
18:37:48.522 [main] INFO  com.intuit.karate.Suite - backed up existing 'target/karate-reports' dir to: target/karate-reports_1619973468522
18:37:48.528 [main] DEBUG com.intuit.karate.Suite - waiting for 3 features to complete
18:37:49.077 [pool-1-thread-1] INFO  com.intuit.karate - karate.env system property was: null 
18:37:49.076 [pool-1-thread-4] INFO  com.intuit.karate - karate.env system property was: null 
18:37:49.076 [pool-1-thread-5] INFO  com.intuit.karate - karate.env system property was: null 
18:37:49.076 [pool-1-thread-2] INFO  com.intuit.karate - karate.env system property was: null 
18:37:49.079 [pool-1-thread-3] INFO  com.intuit.karate - karate.env system property was: null 
18:37:49.229 [pool-1-thread-2] DEBUG com.intuit.karate - request:
1 > POST https://virtserver.swaggerhub.com/ecolytiq/ecolytiq-tx_enrichment_api_v_2/2.3.0/txp/transaction/
1 > Host: virtserver.swaggerhub.com
1 > Connection: Keep-Alive
1 > User-Agent: Apache-HttpClient/4.5.13 (Java/1.8.0_292)
1 > Accept-Encoding: gzip,deflate


18:37:49.229 [pool-1-thread-5] DEBUG com.intuit.karate - request:
1 > GET https://jsonplaceholder.typicode.com/users
1 > Host: jsonplaceholder.typicode.com
1 > Connection: Keep-Alive
1 > User-Agent: Apache-HttpClient/4.5.13 (Java/1.8.0_292)
1 > Accept-Encoding: gzip,deflate


18:37:49.229 [pool-1-thread-4] DEBUG com.intuit.karate - request:
1 > POST https://virtserver.swaggerhub.com/ecolytiq/ecolytiq-tx_enrichment_api_v_2/2.3.0/txp/transaction/range
1 > Host: virtserver.swaggerhub.com
1 > Connection: Keep-Alive
1 > User-Agent: Apache-HttpClient/4.5.13 (Java/1.8.0_292)
1 > Accept-Encoding: gzip,deflate


18:37:49.230 [pool-1-thread-1] DEBUG com.intuit.karate - request:
1 > POST https://virtserver.swaggerhub.com/ecolytiq/ecolytiq-tx_enrichment_api_v_2/2.3.0/txp/transaction/
1 > Host: virtserver.swaggerhub.com
1 > Connection: Keep-Alive
1 > User-Agent: Apache-HttpClient/4.5.13 (Java/1.8.0_292)
1 > Accept-Encoding: gzip,deflate


18:37:49.230 [pool-1-thread-3] DEBUG com.intuit.karate - request:
1 > POST https://virtserver.swaggerhub.com/ecolytiq/ecolytiq-tx_enrichment_api_v_2/2.3.0/txp/transaction/
1 > Host: virtserver.swaggerhub.com
1 > Connection: Keep-Alive
1 > User-Agent: Apache-HttpClient/4.5.13 (Java/1.8.0_292)
1 > Accept-Encoding: gzip,deflate


18:37:49.542 [pool-1-thread-5] DEBUG com.intuit.karate - response time in milliseconds: 291
1 < 200
1 < Date: Sun, 02 May 2021 16:37:49 GMT
1 < Content-Type: application/json; charset=utf-8
1 < Transfer-Encoding: chunked
1 < Connection: keep-alive
1 < X-Powered-By: Express
1 < X-Ratelimit-Limit: 1000
1 < X-Ratelimit-Remaining: 998
1 < X-Ratelimit-Reset: 1619247528
1 < Vary: Origin, Accept-Encoding
1 < Access-Control-Allow-Credentials: true
1 < Cache-Control: max-age=43200
1 < Pragma: no-cache
1 < Expires: -1
1 < X-Content-Type-Options: nosniff
1 < Etag: W/"160d-1eMSsxeJRfnVLRBmYJSbCiJZ1qQ"
1 < Via: 1.1 vegur
1 < CF-Cache-Status: HIT
1 < Age: 5906
1 < cf-request-id: 09cf8a8ce700000c09df9d2000000001
1 < Expect-CT: max-age=604800, report-uri="https://report-uri.cloudflare.com/cdn-cgi/beacon/expect-ct"
1 < Report-To: {"endpoints":[{"url":"https:\/\/a.nel.cloudflare.com\/report?s=xUmroua4WwvhB61ex%2FH0S2rz4Kc784qXaJjRyTibux5OVSFHPcg9K3tkW7qrUT1zbIvWHPt%2Be%2FHTPbhff6MMJsXxYDPM%2BB3ONDP%2F5eLP9QknQlE0kqSfTQbhEb5l"}],"group":"cf-nel","max_age":604800}
1 < NEL: {"report_to":"cf-nel","max_age":604800}
1 < Server: cloudflare
1 < CF-RAY: 6492ad27d98e0c09-AMS
1 < alt-svc: h3-27=":443"; ma=86400, h3-28=":443"; ma=86400, h3-29=":443"; ma=86400
1 < Set-Cookie: __cfduid=dec084dfe876bc1c45a1d906b0bf3f1331619973469; Max-Age=1622565469000; Expires=Tue, 22 May 53438 14:54:29 GMT; Domain=typicode.com
[{"website":"hildegard.org","address":{"zipcode":"92998-3874","geo":{"lng":"81.1496","lat":"-37.3159"},"suite":"Apt. 556","city":"Gwenborough","street":"Kulas Light"},"phone":"1-770-736-8031 x56442","name":"Leanne Graham","company":{"bs":"harness real-time e-markets","catchPhrase":"Multi-layered client-server neural-net","name":"Romaguera-Crona"},"id":1,"email":"Sincere@april.biz","username":"Bret"},{"website":"anastasia.net","address":{"zipcode":"90566-7771","geo":{"lng":"-34.4618","lat":"-43.9509"},"suite":"Suite 879","city":"Wisokyburgh","street":"Victor Plains"},"phone":"010-692-6593 x09125","name":"Ervin Howell","company":{"bs":"synergize scalable supply-chains","catchPhrase":"Proactive didactic contingency","name":"Deckow-Crist"},"id":2,"email":"Shanna@melissa.tv","username":"Antonette"},{"website":"ramiro.info","address":{"zipcode":"59590-4157","geo":{"lng":"-47.0653","lat":"-68.6102"},"suite":"Suite 847","city":"McKenziehaven","street":"Douglas Extension"},"phone":"1-463-123-4447","name":"Clementine Bauch","company":{"bs":"e-enable strategic applications","catchPhrase":"Face to face bifurcated interface","name":"Romaguera-Jacobson"},"id":3,"email":"Nathan@yesenia.net","username":"Samantha"},{"website":"kale.biz","address":{"zipcode":"53919-4257","geo":{"lng":"-164.2990","lat":"29.4572"},"suite":"Apt. 692","city":"South Elvis","street":"Hoeger Mall"},"phone":"493-170-9623 x156","name":"Patricia Lebsack","company":{"bs":"transition cutting-edge web services","catchPhrase":"Multi-tiered zero tolerance productivity","name":"Robel-Corkery"},"id":4,"email":"Julianne.OConner@kory.org","username":"Karianne"},{"website":"demarco.info","address":{"zipcode":"33263","geo":{"lng":"62.5342","lat":"-31.8129"},"suite":"Suite 351","city":"Roscoeview","street":"Skiles Walks"},"phone":"(254)954-1289","name":"Chelsey Dietrich","company":{"bs":"revolutionize end-to-end systems","catchPhrase":"User-centric fault-tolerant solution","name":"Keebler LLC"},"id":5,"email":"Lucio_Hettinger@annie.ca","username":"Kamren"},{"website":"ola.org","address":{"zipcode":"23505-1337","geo":{"lng":"71.7478","lat":"-71.4197"},"suite":"Apt. 950","city":"South Christy","street":"Norberto Crossing"},"phone":"1-477-935-8478 x6430","name":"Mrs. Dennis Schulist","company":{"bs":"e-enable innovative applications","catchPhrase":"Synchronised bottom-line interface","name":"Considine-Lockman"},"id":6,"email":"Karley_Dach@jasper.info","username":"Leopoldo_Corkery"},{"website":"elvis.io","address":{"zipcode":"58804-1099","geo":{"lng":"21.8984","lat":"24.8918"},"suite":"Suite 280","city":"Howemouth","street":"Rex Trail"},"phone":"210.067.6132","name":"Kurtis Weissnat","company":{"bs":"generate enterprise e-tailers","catchPhrase":"Configurable multimedia task-force","name":"Johns Group"},"id":7,"email":"Telly.Hoeger@billy.biz","username":"Elwyn.Skiles"},{"website":"jacynthe.com","address":{"zipcode":"45169","geo":{"lng":"-120.7677","lat":"-14.3990"},"suite":"Suite 729","city":"Aliyaview","street":"Ellsworth Summit"},"phone":"586.493.6943 x140","name":"Nicholas Runolfsdottir V","company":{"bs":"e-enable extensible e-tailers","catchPhrase":"Implemented secondary concept","name":"Abernathy Group"},"id":8,"email":"Sherwood@rosamond.me","username":"Maxime_Nienow"},{"website":"conrad.com","address":{"zipcode":"76495-3109","geo":{"lng":"-168.8889","lat":"24.6463"},"suite":"Suite 449","city":"Bartholomebury","street":"Dayna Park"},"phone":"(775)976-6794 x41206","name":"Glenna Reichert","company":{"bs":"aggregate real-time technologies","catchPhrase":"Switchable contextually-based project","name":"Yost and Sons"},"id":9,"email":"Chaim_McDermott@dana.io","username":"Delphine"},{"website":"ambrose.net","address":{"zipcode":"31428-2261","geo":{"lng":"57.2232","lat":"-38.2386"},"suite":"Suite 198","city":"Lebsackbury","street":"Kattie Turnpike"},"phone":"024-648-3804","name":"Clementina DuBuque","company":{"bs":"target end-to-end models","catchPhrase":"Centralized empowering task-force","name":"Hoeger LLC"},"id":10,"email":"Rey.Padberg@karina.biz","username":"Moriah.Stanton"}]
18:37:49.554 [pool-1-thread-5] DEBUG com.intuit.karate - request:
2 > GET https://jsonplaceholder.typicode.com/users/1
2 > Cookie: __cfduid=dec084dfe876bc1c45a1d906b0bf3f1331619973469
2 > Host: jsonplaceholder.typicode.com
2 > Connection: Keep-Alive
2 > User-Agent: Apache-HttpClient/4.5.13 (Java/1.8.0_292)
2 > Accept-Encoding: gzip,deflate


18:37:49.633 [pool-1-thread-5] DEBUG com.intuit.karate - response time in milliseconds: 75
2 < 200
2 < Date: Sun, 02 May 2021 16:37:49 GMT
2 < Content-Type: application/json; charset=utf-8
2 < Transfer-Encoding: chunked
2 < Connection: keep-alive
2 < X-Powered-By: Express
2 < X-Ratelimit-Limit: 1000
2 < X-Ratelimit-Remaining: 999
2 < X-Ratelimit-Reset: 1619870424
2 < Vary: Origin, Accept-Encoding
2 < Access-Control-Allow-Credentials: true
2 < Cache-Control: max-age=43200
2 < Pragma: no-cache
2 < Expires: -1
2 < X-Content-Type-Options: nosniff
2 < Etag: W/"1fd-+2Y3G3w049iSZtw5t1mzSnunngE"
2 < Via: 1.1 vegur
2 < CF-Cache-Status: HIT
2 < Age: 16409
2 < cf-request-id: 09cf8a8dac00004be3bc88f000000001
2 < Expect-CT: max-age=604800, report-uri="https://report-uri.cloudflare.com/cdn-cgi/beacon/expect-ct"
2 < Report-To: {"group":"cf-nel","endpoints":[{"url":"https:\/\/a.nel.cloudflare.com\/report?s=Zy0rneNVs34%2FsijpBoAKGHISUQqFRhNsSOnMMI%2FuPJqfY0XCmV57mCp%2BmLHRQ9sv7pNZytDHi%2BB4S5biiVfCPYu6M8%2Fq4oSuFU1qntB4pypSdGUPxIWL8lYHFazR"}],"max_age":604800}
2 < NEL: {"report_to":"cf-nel","max_age":604800}
2 < Server: cloudflare
2 < CF-RAY: 6492ad291d434be3-AMS
2 < alt-svc: h3-27=":443"; ma=86400, h3-28=":443"; ma=86400, h3-29=":443"; ma=86400
{"website":"hildegard.org","address":{"zipcode":"92998-3874","geo":{"lng":"81.1496","lat":"-37.3159"},"suite":"Apt. 556","city":"Gwenborough","street":"Kulas Light"},"phone":"1-770-736-8031 x56442","name":"Leanne Graham","company":{"bs":"harness real-time e-markets","catchPhrase":"Multi-layered client-server neural-net","name":"Romaguera-Crona"},"id":1,"email":"Sincere@april.biz","username":"Bret"}
18:37:49.642 [pool-1-thread-5] INFO  com.intuit.karate - karate.env system property was: null 
18:37:49.686 [pool-1-thread-5] DEBUG com.intuit.karate - request:
1 > POST https://jsonplaceholder.typicode.com/users
1 > Content-Type: application/json; charset=UTF-8
1 > Content-Length: 160
1 > Host: jsonplaceholder.typicode.com
1 > Connection: Keep-Alive
1 > User-Agent: Apache-HttpClient/4.5.13 (Java/1.8.0_292)
1 > Accept-Encoding: gzip,deflate
{"address":{"zipcode":"54321-6789","suite":"Apt. 123","city":"Electri","street":"Has No Name"},"name":"Test User","email":"test@user.com","username":"testuser"}

18:37:49.869 [pool-1-thread-3] DEBUG com.intuit.karate - response time in milliseconds: 634
1 < 200
1 < Access-Control-Allow-Credentials: true
1 < Access-Control-Allow-Headers: X-Requested-With,Content-Type,Accept,Origin
1 < Access-Control-Allow-Methods: *
1 < Access-Control-Allow-Origin: *
1 < Content-Type: application/json
1 < Date: Sun, 02 May 2021 16:37:49 GMT
1 < Server: Jetty(9.4.29.v20200521)
1 < Connection: keep-alive
{"co2_comparables":[{"description":"xCO2 equals to xKM of driving with a car by x liters of fuel...","source":"https:\/\/registry.euosr.com\/facts\/xyz\/"}],"co2_insights":[{"raw_content":"string","description_url":"string","description":"Did you know, red meat has and 4x times higher impact than white meat? ...","language":"GB","source":"https:\/\/registry.euosr.com\/insights\/xyz","insight_id":"string"}],"tx":{"transaction_id":"54191e00-3d13-11eb-adc1-0242ac120002","amount":"42.14","merchant_loaction_lat":"52.4848","content_detail_level":"URL (default), json","merchant_city":"Eutin","merchant_city_zip":"23701","custom_category":"Groceries","timezone":"Z","custom_category_system":"mcc, ecolytiq, fts","description":"Lidl Vertriebs GmbH & Co., Eutin","merchant":"Lidl Vertriebs GmbH & Co.","mcc":"5411","merchant_website":"www.lidl.de","last_co2_footprint":"12 g","merchant_loaction_lon":"13.3429","contextAnswers":[{"answer_text":"Free text answer given by a customer.","answer_time":"2013-07-16T19:23:51Z","ask_time":"2013-07-16T19:23:51Z","answer_index":3,"answer_time_zone":"CEST","question_id":"FOOD_DIET","question_context":"PROFILE"}],"custom_language_code":"one of EN, DE, FR","datetime":"2016-11-28T10:34:25Z","profile_id":"EF24F98E4FCCFC1A11FED465792F2BA9","merchant_country":"Germany","currency":"EUR","merchant_address":"23701, Eutin, Germany","account_alias":"credit-card-4711"},"response_id":"string","model_reference":"string","context_questions":[{"expected_response_cardinality":"5","question_type":"P","language":"GB","initial_response_selection_index":"3","question_id":"FOOD_DIET","widget_type":"slider","question_context":"ecolytiq-category","question_flow_iteration_level":"1","expected_response_options":["meat-based","mixed","reduced meat","vegetarian","vegan"],"expected_response_impact_factor":[1.3,1,0.9,0.7,0.6],"question_flow_previous_question":"FOOD_HABIT","text":"What's your diet?","expected_response_impact_offset":[0,0,0,0,0]}],"compensation_status":0,"co2_meta_category":"Food, Living, Shopping, Transport, Other","co2_category":"Groceries, Discounter","co2_footprint":"10g","co2_confidence":"10%, 20%, ... 90%","compensation_options":[{"raw_content":"string","description_url":"string","price":35.0,"suggestion":0.1,"description":"puro.earth","currency":"EUR","source":"https:\/\/puro.earth\/","compensation_id":"p12-a"}],"co2_explanation":[{"raw_content":"The footprint of fuel sounds quite simple, but is actually more complex. There are different perspectives. Well-to-Wheel (WtW) ...","description_url":"https:\/\/registry.euosr.com\/explanation\/12\/","source":"https:\/\/registry.euosr.com\/explanation\/12\/source"}]}
18:37:49.876 [pool-1-thread-4] DEBUG com.intuit.karate - response time in milliseconds: 645
1 < 200
1 < Access-Control-Allow-Credentials: true
1 < Access-Control-Allow-Headers: X-Requested-With,Content-Type,Accept,Origin
1 < Access-Control-Allow-Methods: *
1 < Access-Control-Allow-Origin: *
1 < Content-Type: application/json
1 < Date: Sun, 02 May 2021 16:37:49 GMT
1 < Server: Jetty(9.4.29.v20200521)
1 < Connection: keep-alive
[{"co2_comparables":[{"description":"xCO2 equals to xKM of driving with a car by x liters of fuel...","source":"https:\/\/registry.euosr.com\/facts\/xyz\/"}],"co2_insights":[{"raw_content":"string","description_url":"string","description":"Did you know, red meat has and 4x times higher impact than white meat? ...","language":"GB","source":"https:\/\/registry.euosr.com\/insights\/xyz","insight_id":"string"}],"tx":{"transaction_id":"54191e00-3d13-11eb-adc1-0242ac120002","amount":"42.14","merchant_loaction_lat":"52.4848","content_detail_level":"URL (default), json","merchant_city":"Eutin","merchant_city_zip":"23701","custom_category":"Groceries","timezone":"Z","custom_category_system":"mcc, ecolytiq, fts","description":"Lidl Vertriebs GmbH & Co., Eutin","merchant":"Lidl Vertriebs GmbH & Co.","mcc":"5411","merchant_website":"www.lidl.de","last_co2_footprint":"12 g","merchant_loaction_lon":"13.3429","contextAnswers":[{"answer_text":"Free text answer given by a customer.","answer_time":"2013-07-16T19:23:51Z","ask_time":"2013-07-16T19:23:51Z","answer_index":3,"answer_time_zone":"CEST","question_id":"FOOD_DIET","question_context":"PROFILE"}],"custom_language_code":"one of EN, DE, FR","datetime":"2016-11-28T10:34:25Z","profile_id":"EF24F98E4FCCFC1A11FED465792F2BA9","merchant_country":"Germany","currency":"EUR","merchant_address":"23701, Eutin, Germany","account_alias":"credit-card-4711"},"response_id":"string","model_reference":"string","context_questions":[{"expected_response_cardinality":"5","question_type":"P","language":"GB","initial_response_selection_index":"3","question_id":"FOOD_DIET","widget_type":"slider","question_context":"ecolytiq-category","question_flow_iteration_level":"1","expected_response_options":["meat-based","mixed","reduced meat","vegetarian","vegan"],"expected_response_impact_factor":[1.3,1,0.9,0.7,0.6],"question_flow_previous_question":"FOOD_HABIT","text":"What's your diet?","expected_response_impact_offset":[0,0,0,0,0]}],"compensation_status":0,"co2_meta_category":"Food, Living, Shopping, Transport, Other","co2_category":"Groceries, Discounter","co2_footprint":"10g","co2_confidence":"10%, 20%, ... 90%","compensation_options":[{"raw_content":"string","description_url":"string","price":35.0,"suggestion":0.1,"description":"puro.earth","currency":"EUR","source":"https:\/\/puro.earth\/","compensation_id":"p12-a"}],"co2_explanation":[{"raw_content":"The footprint of fuel sounds quite simple, but is actually more complex. There are different perspectives. Well-to-Wheel (WtW) ...","description_url":"https:\/\/registry.euosr.com\/explanation\/12\/","source":"https:\/\/registry.euosr.com\/explanation\/12\/source"}]}]
18:37:49.882 [pool-1-thread-2] DEBUG com.intuit.karate - response time in milliseconds: 650
1 < 200
1 < Access-Control-Allow-Credentials: true
1 < Access-Control-Allow-Headers: X-Requested-With,Content-Type,Accept,Origin
1 < Access-Control-Allow-Methods: *
1 < Access-Control-Allow-Origin: *
1 < Content-Type: application/json
1 < Date: Sun, 02 May 2021 16:37:49 GMT
1 < Server: Jetty(9.4.29.v20200521)
1 < Connection: keep-alive
{"co2_comparables":[{"description":"xCO2 equals to xKM of driving with a car by x liters of fuel...","source":"https:\/\/registry.euosr.com\/facts\/xyz\/"}],"co2_insights":[{"raw_content":"string","description_url":"string","description":"Did you know, red meat has and 4x times higher impact than white meat? ...","language":"GB","source":"https:\/\/registry.euosr.com\/insights\/xyz","insight_id":"string"}],"tx":{"transaction_id":"54191e00-3d13-11eb-adc1-0242ac120002","amount":"42.14","merchant_loaction_lat":"52.4848","content_detail_level":"URL (default), json","merchant_city":"Eutin","merchant_city_zip":"23701","custom_category":"Groceries","timezone":"Z","custom_category_system":"mcc, ecolytiq, fts","description":"Lidl Vertriebs GmbH & Co., Eutin","merchant":"Lidl Vertriebs GmbH & Co.","mcc":"5411","merchant_website":"www.lidl.de","last_co2_footprint":"12 g","merchant_loaction_lon":"13.3429","contextAnswers":[{"answer_text":"Free text answer given by a customer.","answer_time":"2013-07-16T19:23:51Z","ask_time":"2013-07-16T19:23:51Z","answer_index":3,"answer_time_zone":"CEST","question_id":"FOOD_DIET","question_context":"PROFILE"}],"custom_language_code":"one of EN, DE, FR","datetime":"2016-11-28T10:34:25Z","profile_id":"EF24F98E4FCCFC1A11FED465792F2BA9","merchant_country":"Germany","currency":"EUR","merchant_address":"23701, Eutin, Germany","account_alias":"credit-card-4711"},"response_id":"string","model_reference":"string","context_questions":[{"expected_response_cardinality":"5","question_type":"P","language":"GB","initial_response_selection_index":"3","question_id":"FOOD_DIET","widget_type":"slider","question_context":"ecolytiq-category","question_flow_iteration_level":"1","expected_response_options":["meat-based","mixed","reduced meat","vegetarian","vegan"],"expected_response_impact_factor":[1.3,1,0.9,0.7,0.6],"question_flow_previous_question":"FOOD_HABIT","text":"What's your diet?","expected_response_impact_offset":[0,0,0,0,0]}],"compensation_status":0,"co2_meta_category":"Food, Living, Shopping, Transport, Other","co2_category":"Groceries, Discounter","co2_footprint":"10g","co2_confidence":"10%, 20%, ... 90%","compensation_options":[{"raw_content":"string","description_url":"string","price":35.0,"suggestion":0.1,"description":"puro.earth","currency":"EUR","source":"https:\/\/puro.earth\/","compensation_id":"p12-a"}],"co2_explanation":[{"raw_content":"The footprint of fuel sounds quite simple, but is actually more complex. There are different perspectives. Well-to-Wheel (WtW) ...","description_url":"https:\/\/registry.euosr.com\/explanation\/12\/","source":"https:\/\/registry.euosr.com\/explanation\/12\/source"}]}
18:37:49.892 [pool-1-thread-1] DEBUG com.intuit.karate - response time in milliseconds: 661
1 < 200
1 < Access-Control-Allow-Credentials: true
1 < Access-Control-Allow-Headers: X-Requested-With,Content-Type,Accept,Origin
1 < Access-Control-Allow-Methods: *
1 < Access-Control-Allow-Origin: *
1 < Content-Type: application/json
1 < Date: Sun, 02 May 2021 16:37:49 GMT
1 < Server: Jetty(9.4.29.v20200521)
1 < Connection: keep-alive
{"co2_comparables":[{"description":"xCO2 equals to xKM of driving with a car by x liters of fuel...","source":"https:\/\/registry.euosr.com\/facts\/xyz\/"}],"co2_insights":[{"raw_content":"string","description_url":"string","description":"Did you know, red meat has and 4x times higher impact than white meat? ...","language":"GB","source":"https:\/\/registry.euosr.com\/insights\/xyz","insight_id":"string"}],"tx":{"transaction_id":"54191e00-3d13-11eb-adc1-0242ac120002","amount":"42.14","merchant_loaction_lat":"52.4848","content_detail_level":"URL (default), json","merchant_city":"Eutin","merchant_city_zip":"23701","custom_category":"Groceries","timezone":"Z","custom_category_system":"mcc, ecolytiq, fts","description":"Lidl Vertriebs GmbH & Co., Eutin","merchant":"Lidl Vertriebs GmbH & Co.","mcc":"5411","merchant_website":"www.lidl.de","last_co2_footprint":"12 g","merchant_loaction_lon":"13.3429","contextAnswers":[{"answer_text":"Free text answer given by a customer.","answer_time":"2013-07-16T19:23:51Z","ask_time":"2013-07-16T19:23:51Z","answer_index":3,"answer_time_zone":"CEST","question_id":"FOOD_DIET","question_context":"PROFILE"}],"custom_language_code":"one of EN, DE, FR","datetime":"2016-11-28T10:34:25Z","profile_id":"EF24F98E4FCCFC1A11FED465792F2BA9","merchant_country":"Germany","currency":"EUR","merchant_address":"23701, Eutin, Germany","account_alias":"credit-card-4711"},"response_id":"string","model_reference":"string","context_questions":[{"expected_response_cardinality":"5","question_type":"P","language":"GB","initial_response_selection_index":"3","question_id":"FOOD_DIET","widget_type":"slider","question_context":"ecolytiq-category","question_flow_iteration_level":"1","expected_response_options":["meat-based","mixed","reduced meat","vegetarian","vegan"],"expected_response_impact_factor":[1.3,1,0.9,0.7,0.6],"question_flow_previous_question":"FOOD_HABIT","text":"What's your diet?","expected_response_impact_offset":[0,0,0,0,0]}],"compensation_status":0,"co2_meta_category":"Food, Living, Shopping, Transport, Other","co2_category":"Groceries, Discounter","co2_footprint":"10g","co2_confidence":"10%, 20%, ... 90%","compensation_options":[{"raw_content":"string","description_url":"string","price":35.0,"suggestion":0.1,"description":"puro.earth","currency":"EUR","source":"https:\/\/puro.earth\/","compensation_id":"p12-a"}],"co2_explanation":[{"raw_content":"The footprint of fuel sounds quite simple, but is actually more complex. There are different perspectives. Well-to-Wheel (WtW) ...","description_url":"https:\/\/registry.euosr.com\/explanation\/12\/","source":"https:\/\/registry.euosr.com\/explanation\/12\/source"}]}
18:37:49.943 [pool-1-thread-3] ERROR com.intuit.karate - classpath:examples/users/transaction.feature:24
And def length = size(response.co2_insights[0])
>>>> js failed:
01: size(response.co2_insights[0])
<<<<
org.graalvm.polyglot.PolyglotException: TypeError: invokeMember (size) on {"raw_content":"string","description_url":"string","description":"Did you know, red meat has and 4x times higher impact than white meat? ...","language":"GB","source":"https:\/\/registry.euosr.com\/insights\/xyz","insight_id":"string"} failed due to: Unknown identifier: size
- <js>.:anonymous(Unnamed:1)

classpath:examples/users/transaction.feature:24
---------------------------------------------------------
feature: classpath:examples/users/transaction.feature
scenarios:  3 | passed:  2 | failed:  1 | time: 2.4383
---------------------------------------------------------

18:37:50.367 [pool-2-thread-1] INFO  com.intuit.karate.Suite - <<fail>> feature 1 of 3 (2 remaining) classpath:examples/users/transaction.feature
---------------------------------------------------------
feature: classpath:examples/users/transactionRange.feature
scenarios:  1 | passed:  1 | failed:  0 | time: 0.8063
---------------------------------------------------------

18:37:50.399 [pool-2-thread-1] INFO  com.intuit.karate.Suite - <<pass>> feature 2 of 3 (1 remaining) classpath:examples/users/transactionRange.feature
18:37:52.444 [pool-1-thread-5] DEBUG com.intuit.karate - response time in milliseconds: 2757
1 < 201
1 < Date: Sun, 02 May 2021 16:37:52 GMT
1 < Content-Type: application/json; charset=utf-8
1 < Content-Length: 216
1 < Connection: keep-alive
1 < X-Powered-By: Express
1 < X-Ratelimit-Limit: 1000
1 < X-Ratelimit-Remaining: 999
1 < X-Ratelimit-Reset: 1619973483
1 < Vary: Origin, X-HTTP-Method-Override, Accept-Encoding
1 < Access-Control-Allow-Credentials: true
1 < Cache-Control: no-cache
1 < Pragma: no-cache
1 < Expires: -1
1 < Access-Control-Expose-Headers: Location
1 < Location: http://jsonplaceholder.typicode.com/users/11
1 < X-Content-Type-Options: nosniff
1 < Etag: W/"d8-pYV7+YuMGP2hxHPU9ARrf97ifDA"
1 < Via: 1.1 vegur
1 < CF-Cache-Status: DYNAMIC
1 < cf-request-id: 09cf8a8e3000000c19e21a3000000001
1 < Expect-CT: max-age=604800, report-uri="https://report-uri.cloudflare.com/cdn-cgi/beacon/expect-ct"
1 < Report-To: {"group":"cf-nel","endpoints":[{"url":"https:\/\/a.nel.cloudflare.com\/report?s=iNgzzY%2BPpua%2FHIMo%2FN7dvoXVBZWYZyV1mPtz%2B6J%2BDPtugkj1bXQaxvjdMVdofdi9JsnkWc3DMxgkD7OCY0kDdczolod4pmjI4kqGksu51F8J8D63AiWIAjr76wff"}],"max_age":604800}
1 < NEL: {"max_age":604800,"report_to":"cf-nel"}
1 < Server: cloudflare
1 < CF-RAY: 6492ad29e9110c19-AMS
1 < alt-svc: h3-27=":443"; ma=86400, h3-28=":443"; ma=86400, h3-29=":443"; ma=86400
1 < Set-Cookie: __cfduid=daf1f57d92b92890f8ac72911249869d61619973469; Max-Age=1622565469000; Expires=Tue, 22 May 53438 14:54:32 GMT; Domain=typicode.com
{"address":{"zipcode":"54321-6789","suite":"Apt. 123","city":"Electri","street":"Has No Name"},"name":"Test User","id":11,"email":"test@user.com","username":"testuser"}
18:37:52.450 [pool-1-thread-5] INFO  com.intuit.karate - [print] created id is:  11 
---------------------------------------------------------
feature: classpath:examples/users/users.feature
scenarios:  2 | passed:  2 | failed:  0 | time: 3.3354
---------------------------------------------------------

18:37:52.504 [pool-2-thread-1] INFO  com.intuit.karate.Suite - <<pass>> feature 3 of 3 (0 remaining) classpath:examples/users/users.feature
Karate version: 1.0.1
======================================================
elapsed:   4.28 | threads:    5 | thread time: 6.58 
features:     3 | skipped:    0 | efficiency: 0.31
scenarios:    6 | passed:     5 | failed: 1
======================================================
>>> failed features:
>>>> js failed:
01: size(response.co2_insights[0])
<<<<
org.graalvm.polyglot.PolyglotException: TypeError: invokeMember (size) on {"raw_content":"string","description_url":"string","description":"Did you know, red meat has and 4x times higher impact than white meat? ...","language":"GB","source":"https:\/\/registry.euosr.com\/insights\/xyz","insight_id":"string"} failed due to: Unknown identifier: size
- <js>.:anonymous(Unnamed:1)

classpath:examples/users/transaction.feature:24
<<<

HTML report: (paste into browser to view) | Karate version: 1.0.1
file:///home/nabil/eclipse-workspace/ApiTest/target/karate-reports/karate-summary.html
===================================================================

]]></system-out>
  </testcase>
</testsuite>